Arguments: 
  C:\Program Files\nodejs\node.exe C:\Users\AJK-ORION\AppData\Roaming\npm\node_modules\yarn\bin\yarn.js add --dev parcel

PATH: 
  C:\Program Files\ImageMagick-7.1.0-Q16-HDRI;C:\WINDOWS\system32;C:\WINDOWS;C:\WINDOWS\System32\Wbem;C:\WINDOWS\System32\WindowsPowerShell\v1.0\;C:\WINDOWS\System32\OpenSSH\;D:\xampp\php;C:\ProgramData\ComposerSetup\bin;C:\Program Files\nodejs\;D:\xampp\mysql\bin;C:\Program Files\Git\cmd;D:\Program Files\PuTTY\;C:\Users\AJK-ORION\AppData\Roaming\npm;D:\xampp\apache\bin;C:\Program Files\Amazon\AWSCLIV2\;C:\Program Files (x86)\dotnet\;C:\Users\AJK-ORION\AppData\Local\.meteor/;C:\Program Files\nodejs\node_modules\npm\node_modules\npm-lifecycle\node-gyp-bin;C:\Users\AJK-ORION\AppData\Roaming\npm\node_modules\meteor\node_modules\.bin;C:\Users\AJK-ORION\AppData\Roaming\npm\node_modules\.bin;C:\WINDOWS\system32;C:\WINDOWS;C:\WINDOWS\System32\Wbem;C:\WINDOWS\System32\WindowsPowerShell\v1.0\;C:\WINDOWS\System32\OpenSSH\;D:\xampp\php;C:\ProgramData\ComposerSetup\bin;C:\Program Files\nodejs\;D:\xampp\mysql\bin;C:\Program Files\Git\cmd;D:\Program Files\PuTTY\;C:\Users\AJK-ORION\AppData\Roaming\npm;D:\xampp\apache\bin;C:\Users\AJK-ORION\AppData\Local\Microsoft\WindowsApps;C:\Users\AJK-ORION\AppData\Roaming\Composer\vendor\bin;C:\Users\AJK-ORION\AppData\Roaming\npm;C:\Users\AJK-ORION\AppData\Local\GitHubDesktop\bin;C:\Program Files\heroku\bin;D:\xampp\htdocs\orbitervr\node_modules\.bin;C:\Users\AJK-ORION\AppData\Local\gitkraken\bin

Yarn version: 
  1.22.4

Node version: 
  12.14.1

Platform: 
  win32 x64

Trace: 
  SyntaxError: D:\xampp\htdocs\gridder-js\package.json: Unexpected token } in JSON at position 507
      at JSON.parse (<anonymous>)
      at C:\Users\AJK-ORION\AppData\Roaming\npm\node_modules\yarn\lib\cli.js:1625:59
      at Generator.next (<anonymous>)
      at step (C:\Users\AJK-ORION\AppData\Roaming\npm\node_modules\yarn\lib\cli.js:310:30)
      at C:\Users\AJK-ORION\AppData\Roaming\npm\node_modules\yarn\lib\cli.js:321:13

npm manifest: 
  {
    "name": "gridder-js",
    "version": "0.0.1",
    "description": "A JS plugin that displays a thumbnail grid expanding preview similar to the effect seen on Google Images.",
    "keywords": [
      "js",
      "plugin",
      "thumbnail",
      "expanding",
      "grid"
    ],
    "main": "index.js",
    "repository": {
      "type": "git",
      "url": "https://github.com/oriongunning/gridder.git"
    },
    "bugs": {
      "url": "https://github.com/oriongunning/gridder/issues"
    },
    "author": {
      "name": "Orion Gunning",
    },
    "license": "MIT",
  }

yarn manifest: 
  No manifest

Lockfile: 
  No lockfile
